app/build/outputs/logs/manifest-merger-debug-report.txt
-- Merging decision tree log ---
manifest
ADDED from src\main\AndroidManifest.xml:18:1-42:12
INJECTED from src\main\AndroidManifest.xml:18:1-42:12
INJECTED from src\main\AndroidManifest.xml:18:1-42:12
INJECTED from src\main\AndroidManifest.xml:18:1-42:12
MERGED from [com.android.support:design:27.1.1] AndroidManifest.xml:17:1-22:12
MERGED from [com.android.support:appcompat-v7:27.1.1] AndroidManifest.xml:17:1-22:12
MERGED from [com.android.support.constraint:constraint-layout:1.1.0] AndroidManifest.xml:2:1-11:12
MERGED from [com.android.support:support-v13:27.1.1] AndroidManifest.xml:17:1-22:12
MERGED from [com.android.support:support-v4:27.1.1] AndroidManifest.xml:17:1-22:12
MERGED from [com.android.support:support-fragment:27.1.1] AndroidManifest.xml:17:1-22:12
MERGED from [com.android.support:animated-vector-drawable:27.1.1] AndroidManifest.xml:17:1-22:12
MERGED from [com.android.support:recyclerview-v7:27.1.1] AndroidManifest.xml:17:1-22:12
MERGED from [com.android.support:support-core-ui:27.1.1] AndroidManifest.xml:17:1-22:12
MERGED from [com.android.support:support-core-utils:27.1.1] AndroidManifest.xml:17:1-22:12
MERGED from [com.android.support:support-vector-drawable:27.1.1] AndroidManifest.xml:17:1-22:12
MERGED from [com.android.support:transition:27.1.1] AndroidManifest.xml:17:1-22:12
MERGED from [com.android.support:support-media-compat:27.1.1] AndroidManifest.xml:17:1-22:12
MERGED from [com.android.support:support-compat:27.1.1] AndroidManifest.xml:17:1-22:12
MERGED from [org.tensorflow:tensorflow-lite:0.1.7] AndroidManifest.xml:2:1-6:12
MERGED from [com.estimote:sdk:1.4.1] AndroidManifest.xml:2:1-14:12
MERGED from [com.estimote:mgmtsdk:1.4.0] AndroidManifest.xml:2:1-29:12
MERGED from [com.estimote:management-sdk:0.3.0] AndroidManifest.xml:2:1-14:12
MERGED from [com.estimote:coresdk:1.3.1] AndroidManifest.xml:2:1-34:12
MERGED from [android.arch.lifecycle:livedata-core:1.1.0] AndroidManifest.xml:17:1-22:12
MERGED from [android.arch.lifecycle:viewmodel:1.1.0] AndroidManifest.xml:17:1-22:12
MERGED from [com.estimote:ketchup:0.0.3] AndroidManifest.xml:2:1-15:12
MERGED from [com.estimote:cloud-plugin:0.4.0] AndroidManifest.xml:2:1-18:12
MERGED from [com.estimote:scanning-sdk:0.5.0] AndroidManifest.xml:2:1-25:12
MERGED from [com.estimote:internal-plugins-api:0.6.0] AndroidManifest.xml:2:1-14:12
MERGED from [android.arch.lifecycle:runtime:1.1.0] AndroidManifest.xml:17:1-22:12
MERGED from [android.arch.core:runtime:1.1.0] AndroidManifest.xml:17:1-22:12
MERGED from [io.reactivex.rxjava2:rxandroid:2.0.1] AndroidManifest.xml:15:1-21:12
INJECTED from src\main\AndroidManifest.xml:18:1-42:12
INJECTED from src\main\AndroidManifest.xml:18:1-42:12
INJECTED from src\main\AndroidManifest.xml:18:1-42:12
	package
		ADDED from src\main\AndroidManifest.xml:19:5-51
		INJECTED from src\main\AndroidManifest.xml
		INJECTED from src\main\AndroidManifest.xml
	android:versionName
		INJECTED from src\main\AndroidManifest.xml
		ADDED from src\main\AndroidManifest.xml:18:1-42:12
		INJECTED from src\main\AndroidManifest.xml
	android:versionCode
		INJECTED from src\main\AndroidManifest.xml
		ADDED from src\main\AndroidManifest.xml:18:1-42:12
		INJECTED from src\main\AndroidManifest.xml
	xmlns:android
		ADDED from src\main\AndroidManifest.xml:18:11-69
uses-permission#android.permission.CAMERA
ADDED from src\main\AndroidManifest.xml:21:5-65
	android:name
		ADDED from src\main\AndroidManifest.xml:21:22-62
uses-feature#android.hardware.camera
ADDED from src\main\AndroidManifest.xml:23:5-60
	android:name
		ADDED from src\main\AndroidManifest.xml:23:19-57
uses-feature#android.hardware.camera.autofocus
ADDED from src\main\AndroidManifest.xml:24:5-70
	android:name
		ADDED from src\main\AndroidManifest.xml:24:19-67
uses-sdk
ADDED from src\main\AndroidManifest.xml:26:5-44
INJECTED from src\main\AndroidManifest.xml:26:5-44
INJECTED from src\main\AndroidManifest.xml:26:5-44
MERGED from [com.android.support:design:27.1.1] AndroidManifest.xml:20:5-44
MERGED from [com.android.support:design:27.1.1] AndroidManifest.xml:20:5-44
MERGED from [com.android.support:appcompat-v7:27.1.1] AndroidManifest.xml:20:5-44
MERGED from [com.android.support:appcompat-v7:27.1.1] AndroidManifest.xml:20:5-44
MERGED from [com.android.support.constraint:constraint-layout:1.1.0] AndroidManifest.xml:5:5-7:41
MERGED from [com.android.support.constraint:constraint-layout:1.1.0] AndroidManifest.xml:5:5-7:41
MERGED from [com.android.support:support-v13:27.1.1] AndroidManifest.xml:20:5-44
MERGED from [com.android.support:support-v13:27.1.1] AndroidManifest.xml:20:5-44
MERGED from [com.android.support:support-v4:27.1.1] AndroidManifest.xml:20:5-44
MERGED from [com.android.support:support-v4:27.1.1] AndroidManifest.xml:20:5-44
MERGED from [com.android.support:support-fragment:27.1.1] AndroidManifest.xml:20:5-44
MERGED from [com.android.support:support-fragment:27.1.1] AndroidManifest.xml:20:5-44
MERGED from [com.android.support:animated-vector-drawable:27.1.1] AndroidManifest.xml:20:5-44
MERGED from [com.android.support:animated-vector-drawable:27.1.1] AndroidManifest.xml:20:5-44
MERGED from [com.android.support:recyclerview-v7:27.1.1] AndroidManifest.xml:20:5-44
MERGED from [com.android.support:recyclerview-v7:27.1.1] AndroidManifest.xml:20:5-44
MERGED from [com.android.support:support-core-ui:27.1.1] AndroidManifest.xml:20:5-44
MERGED from [com.android.support:support-core-ui:27.1.1] AndroidManifest.xml:20:5-44
MERGED from [com.android.support:support-core-utils:27.1.1] AndroidManifest.xml:20:5-44
MERGED from [com.android.support:support-core-utils:27.1.1] AndroidManifest.xml:20:5-44
MERGED from [com.android.support:support-vector-drawable:27.1.1] AndroidManifest.xml:20:5-44
MERGED from [com.android.support:support-vector-drawable:27.1.1] AndroidManifest.xml:20:5-44
MERGED from [com.android.support:transition:27.1.1] AndroidManifest.xml:20:5-44
MERGED from [com.android.support:transition:27.1.1] AndroidManifest.xml:20:5-44
MERGED from [com.android.support:support-media-compat:27.1.1] AndroidManifest.xml:20:5-44
MERGED from [com.android.support:support-media-compat:27.1.1] AndroidManifest.xml:20:5-44
MERGED from [com.android.support:support-compat:27.1.1] AndroidManifest.xml:20:5-44
MERGED from [com.android.support:support-compat:27.1.1] AndroidManifest.xml:20:5-44
MERGED from [com.estimote:sdk:1.4.1] AndroidManifest.xml:7:5-9:41
MERGED from [com.estimote:sdk:1.4.1] AndroidManifest.xml:7:5-9:41
MERGED from [com.estimote:mgmtsdk:1.4.0] AndroidManifest.xml:7:5-43
MERGED from [com.estimote:mgmtsdk:1.4.0] AndroidManifest.xml:7:5-43
MERGED from [com.estimote:management-sdk:0.3.0] AndroidManifest.xml:7:5-9:41
MERGED from [com.estimote:management-sdk:0.3.0] AndroidManifest.xml:7:5-9:41
MERGED from [com.estimote:coresdk:1.3.1] AndroidManifest.xml:7:5-43
MERGED from [com.estimote:coresdk:1.3.1] AndroidManifest.xml:7:5-43
MERGED from [android.arch.lifecycle:livedata-core:1.1.0] AndroidManifest.xml:20:5-44
MERGED from [android.arch.lifecycle:livedata-core:1.1.0] AndroidManifest.xml:20:5-44
MERGED from [android.arch.lifecycle:viewmodel:1.1.0] AndroidManifest.xml:20:5-44
MERGED from [android.arch.lifecycle:viewmodel:1.1.0] AndroidManifest.xml:20:5-44
MERGED from [com.estimote:ketchup:0.0.3] AndroidManifest.xml:8:5-10:41
MERGED from [com.estimote:ketchup:0.0.3] AndroidManifest.xml:8:5-10:41
MERGED from [com.estimote:cloud-plugin:0.4.0] AndroidManifest.xml:7:5-9:41
MERGED from [com.estimote:cloud-plugin:0.4.0] AndroidManifest.xml:7:5-9:41
MERGED from [com.estimote:scanning-sdk:0.5.0] AndroidManifest.xml:7:5-9:41
MERGED from [com.estimote:scanning-sdk:0.5.0] AndroidManifest.xml:7:5-9:41
MERGED from [com.estimote:internal-plugins-api:0.6.0] AndroidManifest.xml:7:5-9:41
MERGED from [com.estimote:internal-plugins-api:0.6.0] AndroidManifest.xml:7:5-9:41
MERGED from [android.arch.lifecycle:runtime:1.1.0] AndroidManifest.xml:20:5-44
MERGED from [android.arch.lifecycle:runtime:1.1.0] AndroidManifest.xml:20:5-44
MERGED from [android.arch.core:runtime:1.1.0] AndroidManifest.xml:20:5-44
MERGED from [android.arch.core:runtime:1.1.0] AndroidManifest.xml:20:5-44
MERGED from [io.reactivex.rxjava2:rxandroid:2.0.1] AndroidManifest.xml:19:5-43
MERGED from [io.reactivex.rxjava2:rxandroid:2.0.1] AndroidManifest.xml:19:5-43
INJECTED from src\main\AndroidManifest.xml:26:5-44
INJECTED from src\main\AndroidManifest.xml:26:5-44
	android:targetSdkVersion
		INJECTED from src\main\AndroidManifest.xml
		ADDED from src\main\AndroidManifest.xml:26:5-44
		INJECTED from src\main\AndroidManifest.xml
	android:minSdkVersion
		ADDED from src\main\AndroidManifest.xml:26:15-41
		INJECTED from src\main\AndroidManifest.xml
		INJECTED from src\main\AndroidManifest.xml
application
ADDED from src\main\AndroidManifest.xml:28:5-40:19
MERGED from [com.android.support.constraint:constraint-layout:1.1.0] AndroidManifest.xml:9:5-20
MERGED from [com.android.support.constraint:constraint-layout:1.1.0] AndroidManifest.xml:9:5-20
MERGED from [org.tensorflow:tensorflow-lite:0.1.7] AndroidManifest.xml:4:5-5:19
MERGED from [org.tensorflow:tensorflow-lite:0.1.7] AndroidManifest.xml:4:5-5:19
MERGED from [com.estimote:sdk:1.4.1] AndroidManifest.xml:11:5-12:19
MERGED from [com.estimote:sdk:1.4.1] AndroidManifest.xml:11:5-12:19
MERGED from [com.estimote:mgmtsdk:1.4.0] AndroidManifest.xml:22:5-27:19
MERGED from [com.estimote:mgmtsdk:1.4.0] AndroidManifest.xml:22:5-27:19
MERGED from [com.estimote:management-sdk:0.3.0] AndroidManifest.xml:11:5-12:19
MERGED from [com.estimote:management-sdk:0.3.0] AndroidManifest.xml:11:5-12:19
MERGED from [com.estimote:coresdk:1.3.1] AndroidManifest.xml:22:5-32:19
MERGED from [com.estimote:coresdk:1.3.1] AndroidManifest.xml:22:5-32:19
MERGED from [com.estimote:ketchup:0.0.3] AndroidManifest.xml:12:5-13:19
MERGED from [com.estimote:ketchup:0.0.3] AndroidManifest.xml:12:5-13:19
MERGED from [com.estimote:cloud-plugin:0.4.0] AndroidManifest.xml:15:5-16:19
MERGED from [com.estimote:cloud-plugin:0.4.0] AndroidManifest.xml:15:5-16:19
MERGED from [com.estimote:scanning-sdk:0.5.0] AndroidManifest.xml:18:5-23:19
MERGED from [com.estimote:scanning-sdk:0.5.0] AndroidManifest.xml:18:5-23:19
MERGED from [com.estimote:internal-plugins-api:0.6.0] AndroidManifest.xml:11:5-12:19
MERGED from [com.estimote:internal-plugins-api:0.6.0] AndroidManifest.xml:11:5-12:19
	android:label
		ADDED from src\main\AndroidManifest.xml:29:9-41
	android:icon
		ADDED from src\main\AndroidManifest.xml:30:9-45
	android:allowBackup
		ADDED from src\main\AndroidManifest.xml:28:18-44
	android:theme
		ADDED from src\main\AndroidManifest.xml:31:9-45
activity#com.example.android.tflitecamerademo.CameraActivity
ADDED from src\main\AndroidManifest.xml:33:9-39:20
	android:label
		ADDED from src\main\AndroidManifest.xml:34:19-51
	android:name
		ADDED from src\main\AndroidManifest.xml:33:19-85
intent-filter#action:name:android.intent.action.MAIN+category:name:android.intent.category.LAUNCHER
ADDED from src\main\AndroidManifest.xml:35:13-38:29
action#android.intent.action.MAIN
ADDED from src\main\AndroidManifest.xml:36:17-69
	android:name
		ADDED from src\main\AndroidManifest.xml:36:25-66
category#android.intent.category.LAUNCHER
ADDED from src\main\AndroidManifest.xml:37:17-77
	android:name
		ADDED from src\main\AndroidManifest.xml:37:27-74
uses-permission#android.permission.WRITE_EXTERNAL_STORAGE
IMPLIED from src\main\AndroidManifest.xml:18:1-42:12 reason: org.tensorflow.lite has a targetSdkVersion < 4
uses-permission#android.permission.READ_PHONE_STATE
IMPLIED from src\main\AndroidManifest.xml:18:1-42:12 reason: org.tensorflow.lite has a targetSdkVersion < 4
uses-permission#android.permission.READ_EXTERNAL_STORAGE
IMPLIED from src\main\AndroidManifest.xml:18:1-42:12 reason: org.tensorflow.lite requested WRITE_EXTERNAL_STORAGE
uses-permission#android.permission.BLUETOOTH
ADDED from [com.estimote:mgmtsdk:1.4.0] AndroidManifest.xml:10:5-68
MERGED from [com.estimote:coresdk:1.3.1] AndroidManifest.xml:10:5-68
MERGED from [com.estimote:coresdk:1.3.1] AndroidManifest.xml:10:5-68
MERGED from [com.estimote:scanning-sdk:0.5.0] AndroidManifest.xml:12:5-68
MERGED from [com.estimote:scanning-sdk:0.5.0] AndroidManifest.xml:12:5-68
	android:name
		ADDED from [com.estimote:mgmtsdk:1.4.0] AndroidManifest.xml:10:22-65
uses-permission#android.permission.BLUETOOTH_ADMIN
ADDED from [com.estimote:mgmtsdk:1.4.0] AndroidManifest.xml:11:5-74
MERGED from [com.estimote:coresdk:1.3.1] AndroidManifest.xml:11:5-74
MERGED from [com.estimote:coresdk:1.3.1] AndroidManifest.xml:11:5-74
MERGED from [com.estimote:scanning-sdk:0.5.0] AndroidManifest.xml:13:5-74
MERGED from [com.estimote:scanning-sdk:0.5.0] AndroidManifest.xml:13:5-74
	android:name
		ADDED from [com.estimote:mgmtsdk:1.4.0] AndroidManifest.xml:11:22-71
uses-permission-sdk-23#android.permission.ACCESS_COARSE_LOCATION
ADDED from [com.estimote:mgmtsdk:1.4.0] AndroidManifest.xml:13:5-88
MERGED from [com.estimote:coresdk:1.3.1] AndroidManifest.xml:13:5-88
MERGED from [com.estimote:coresdk:1.3.1] AndroidManifest.xml:13:5-88
MERGED from [com.estimote:scanning-sdk:0.5.0] AndroidManifest.xml:16:5-88
MERGED from [com.estimote:scanning-sdk:0.5.0] AndroidManifest.xml:16:5-88
	android:name
		ADDED from [com.estimote:mgmtsdk:1.4.0] AndroidManifest.xml:13:29-85
uses-permission#android.permission.INTERNET
ADDED from [com.estimote:mgmtsdk:1.4.0] AndroidManifest.xml:15:5-67
MERGED from [com.estimote:coresdk:1.3.1] AndroidManifest.xml:15:5-67
MERGED from [com.estimote:coresdk:1.3.1] AndroidManifest.xml:15:5-67
MERGED from [com.estimote:cloud-plugin:0.4.0] AndroidManifest.xml:12:5-67
MERGED from [com.estimote:cloud-plugin:0.4.0] AndroidManifest.xml:12:5-67
	android:name
		ADDED from [com.estimote:mgmtsdk:1.4.0] AndroidManifest.xml:15:22-64
uses-permission#android.permission.ACCESS_NETWORK_STATE
ADDED from [com.estimote:mgmtsdk:1.4.0] AndroidManifest.xml:16:5-79
MERGED from [com.estimote:coresdk:1.3.1] AndroidManifest.xml:16:5-79
MERGED from [com.estimote:coresdk:1.3.1] AndroidManifest.xml:16:5-79
MERGED from [com.estimote:cloud-plugin:0.4.0] AndroidManifest.xml:13:5-79
MERGED from [com.estimote:cloud-plugin:0.4.0] AndroidManifest.xml:13:5-79
	android:name
		ADDED from [com.estimote:mgmtsdk:1.4.0] AndroidManifest.xml:16:22-76
uses-feature#android.hardware.bluetooth_le
ADDED from [com.estimote:mgmtsdk:1.4.0] AndroidManifest.xml:18:5-20:36
MERGED from [com.estimote:coresdk:1.3.1] AndroidManifest.xml:18:5-20:36
MERGED from [com.estimote:coresdk:1.3.1] AndroidManifest.xml:18:5-20:36
	android:required
		ADDED from [com.estimote:mgmtsdk:1.4.0] AndroidManifest.xml:20:9-33
	android:name
		ADDED from [com.estimote:mgmtsdk:1.4.0] AndroidManifest.xml:19:9-53
service#com.estimote.mgmtsdk.connection.strategy.DeviceConnectionProviderService
ADDED from [com.estimote:mgmtsdk:1.4.0] AndroidManifest.xml:23:9-25:40
	android:exported
		ADDED from [com.estimote:mgmtsdk:1.4.0] AndroidManifest.xml:25:13-37
	android:name
		ADDED from [com.estimote:mgmtsdk:1.4.0] AndroidManifest.xml:24:13-100
service#com.estimote.mgmtsdk.repackaged.dfu_v0_6_1.no.nordicsemi.android.dfu.DfuBaseService
ADDED from [com.estimote:mgmtsdk:1.4.0] AndroidManifest.xml:26:9-119
	android:name
		ADDED from [com.estimote:mgmtsdk:1.4.0] AndroidManifest.xml:26:18-116
service#com.estimote.coresdk.service.BeaconService
ADDED from [com.estimote:coresdk:1.3.1] AndroidManifest.xml:23:9-25:40
	android:exported
		ADDED from [com.estimote:coresdk:1.3.1] AndroidManifest.xml:25:13-37
	android:name
		ADDED from [com.estimote:coresdk:1.3.1] AndroidManifest.xml:24:13-70
activity#com.estimote.coresdk.common.requirements.DefaultRequirementsCheckerCallback$Activity
ADDED from [com.estimote:coresdk:1.3.1] AndroidManifest.xml:27:9-29:56
	android:theme
		ADDED from [com.estimote:coresdk:1.3.1] AndroidManifest.xml:29:13-53
	android:name
		ADDED from [com.estimote:coresdk:1.3.1] AndroidManifest.xml:28:13-112
receiver#com.estimote.coresdk.scanning.scheduling.SystemAlarmManager$AlarmBroadcastReceiver
ADDED from [com.estimote:coresdk:1.3.1] AndroidManifest.xml:31:9-119
	android:name
		ADDED from [com.estimote:coresdk:1.3.1] AndroidManifest.xml:31:19-116
service#com.estimote.scanning_sdk.packet_provider.service.PacketProviderWrapperService
ADDED from [com.estimote:scanning-sdk:0.5.0] AndroidManifest.xml:19:9-22:40
	android:enabled
		ADDED from [com.estimote:scanning-sdk:0.5.0] AndroidManifest.xml:21:13-35
	android:exported
		ADDED from [com.estimote:scanning-sdk:0.5.0] AndroidManifest.xml:22:13-37
	android:name
		ADDED from [com.estimote:scanning-sdk:0.5.0] AndroidManifest.xml:20:13-106